<?xml version="1.0" encoding="UTF-8"?>
<!-- Generated by org.testng.reporters.JUnitXMLReporter -->
<testsuite hostname="DiptiDash-PC" ignored="0" name="Test" tests="1" failures="1" timestamp="28 Jun 2020 15:56:13 GMT" time="19.665" errors="0">
  <testcase name="login" time="1.212" classname="test.Testclass">
    <failure type="java.lang.NullPointerException">
      <![CDATA[java.lang.NullPointerException
at generics.Excellibrary.fetchdata(Excellibrary.java:15)
at pom.Pomclass.logindetails(Pomclass.java:36)
at test.Testclass.login(Testclass.java:16)
... Removed 25 stack frames]]>
    </failure>
  </testcase> <!-- login -->
</testsuite> <!-- Test -->
